app/build/outputs/logs/manifest-merger-release-report.txt
-- Merging decision tree log ---
manifest
ADDED from src\main\AndroidManifest.xml:2:1-673:12
INJECTED from src\main\AndroidManifest.xml:2:1-673:12
INJECTED from src\main\AndroidManifest.xml:2:1-673:12
INJECTED from src\main\AndroidManifest.xml:2:1-673:12
MERGED from [com.android.support:support-v4:28.0.0] AndroidManifest.xml:17:1-22:12
MERGED from [com.android.support:support-media-compat:28.0.0] AndroidManifest.xml:17:1-22:12
MERGED from [com.android.support:support-fragment:28.0.0] AndroidManifest.xml:17:1-22:12
MERGED from [com.android.support:support-core-ui:28.0.0] AndroidManifest.xml:17:1-22:12
MERGED from [com.android.support:support-core-utils:28.0.0] AndroidManifest.xml:17:1-22:12
MERGED from [com.android.support:loader:28.0.0] AndroidManifest.xml:17:1-22:12
MERGED from [com.android.support:viewpager:28.0.0] AndroidManifest.xml:17:1-22:12
MERGED from [com.android.support:coordinatorlayout:28.0.0] AndroidManifest.xml:17:1-22:12
MERGED from [com.android.support:drawerlayout:28.0.0] AndroidManifest.xml:17:1-22:12
MERGED from [com.android.support:slidingpanelayout:28.0.0] AndroidManifest.xml:17:1-22:12
MERGED from [com.android.support:customview:28.0.0] AndroidManifest.xml:17:1-22:12
MERGED from [com.android.support:swiperefreshlayout:28.0.0] AndroidManifest.xml:17:1-22:12
MERGED from [com.android.support:asynclayoutinflater:28.0.0] AndroidManifest.xml:17:1-22:12
MERGED from [com.android.support:support-compat:28.0.0] AndroidManifest.xml:17:1-24:12
MERGED from [com.android.support:versionedparcelable:28.0.0] AndroidManifest.xml:17:1-25:12
MERGED from [android.arch.lifecycle:runtime:1.1.1] AndroidManifest.xml:17:1-22:12
MERGED from [com.android.support:documentfile:28.0.0] AndroidManifest.xml:17:1-22:12
MERGED from [com.android.support:localbroadcastmanager:28.0.0] AndroidManifest.xml:17:1-22:12
MERGED from [com.android.support:print:28.0.0] AndroidManifest.xml:17:1-22:12
MERGED from [com.android.support:interpolator:28.0.0] AndroidManifest.xml:17:1-22:12
MERGED from [com.android.support:cursoradapter:28.0.0] AndroidManifest.xml:17:1-22:12
MERGED from [android.arch.lifecycle:viewmodel:1.1.1] AndroidManifest.xml:17:1-22:12
MERGED from [android.arch.lifecycle:livedata:1.1.1] AndroidManifest.xml:17:1-22:12
MERGED from [android.arch.lifecycle:livedata-core:1.1.1] AndroidManifest.xml:17:1-22:12
MERGED from [android.arch.core:runtime:1.1.1] AndroidManifest.xml:17:1-22:12
INJECTED from src\main\AndroidManifest.xml:2:1-673:12
INJECTED from src\main\AndroidManifest.xml:2:1-673:12
INJECTED from src\main\AndroidManifest.xml:2:1-673:12
	package
		ADDED from src\main\AndroidManifest.xml:3:5-21
		INJECTED from src\main\AndroidManifest.xml
		INJECTED from src\main\AndroidManifest.xml
	android:versionName
		ADDED from src\main\AndroidManifest.xml:6:5-31
		INJECTED from src\main\AndroidManifest.xml
		INJECTED from src\main\AndroidManifest.xml
	xmlns:android
		ADDED from src\main\AndroidManifest.xml:2:11-69
	android:versionCode
		ADDED from src\main\AndroidManifest.xml:5:5-28
		INJECTED from src\main\AndroidManifest.xml
		INJECTED from src\main\AndroidManifest.xml
	android:installLocation
		ADDED from src\main\AndroidManifest.xml:4:5-43
uses-permission#android.permission.SYSTEM_ALERT_WINDOW
ADDED from src\main\AndroidManifest.xml:9:5-78
	android:name
		ADDED from src\main\AndroidManifest.xml:9:22-75
uses-permission#android.permission.READ_EXTERNAL_STORAGE
ADDED from src\main\AndroidManifest.xml:12:5-80
	android:name
		ADDED from src\main\AndroidManifest.xml:12:22-77
uses-permission#android.permission.WRITE_EXTERNAL_STORAGE
ADDED from src\main\AndroidManifest.xml:13:5-81
	android:name
		ADDED from src\main\AndroidManifest.xml:13:22-78
uses-permission#android.permission.GET_TASKS
ADDED from src\main\AndroidManifest.xml:14:5-68
	android:name
		ADDED from src\main\AndroidManifest.xml:14:22-65
uses-permission#android.permission.RESTART_PACKAGES
ADDED from src\main\AndroidManifest.xml:15:5-75
	android:name
		ADDED from src\main\AndroidManifest.xml:15:22-72
uses-permission#android.permission.READ_CONTACTS
ADDED from src\main\AndroidManifest.xml:16:5-72
	android:name
		ADDED from src\main\AndroidManifest.xml:16:22-69
uses-permission#android.permission.VIBRATE
ADDED from src\main\AndroidManifest.xml:17:5-66
	android:name
		ADDED from src\main\AndroidManifest.xml:17:22-63
uses-permission#android.permission.ACCESS_COARSE_LOCATION
ADDED from src\main\AndroidManifest.xml:18:5-81
	android:name
		ADDED from src\main\AndroidManifest.xml:18:22-78
uses-permission#android.permission.ACCESS_FINE_LOCATION
ADDED from src\main\AndroidManifest.xml:19:5-79
	android:name
		ADDED from src\main\AndroidManifest.xml:19:22-76
uses-permission#android.permission.ACCESS_WIFI_STATE
ADDED from src\main\AndroidManifest.xml:20:5-76
	android:name
		ADDED from src\main\AndroidManifest.xml:20:22-73
uses-permission#android.permission.ACCESS_NETWORK_STATE
ADDED from src\main\AndroidManifest.xml:21:5-79
	android:name
		ADDED from src\main\AndroidManifest.xml:21:22-76
uses-permission#android.permission.CHANGE_WIFI_STATE
ADDED from src\main\AndroidManifest.xml:22:5-76
	android:name
		ADDED from src\main\AndroidManifest.xml:22:22-73
uses-permission#android.permission.READ_PHONE_STATE
ADDED from src\main\AndroidManifest.xml:23:5-75
	android:name
		ADDED from src\main\AndroidManifest.xml:23:22-72
uses-permission#android.permission.INTERNET
ADDED from src\main\AndroidManifest.xml:24:5-67
	android:name
		ADDED from src\main\AndroidManifest.xml:24:22-64
uses-permission#android.permission.CALL_PHONE
ADDED from src\main\AndroidManifest.xml:25:5-69
	android:name
		ADDED from src\main\AndroidManifest.xml:25:22-66
uses-permission#android.permission.CAMERA
ADDED from src\main\AndroidManifest.xml:26:5-65
	android:name
		ADDED from src\main\AndroidManifest.xml:26:22-62
uses-permission#android.permission.RECEIVE_BOOT_COMPLETED
ADDED from src\main\AndroidManifest.xml:27:5-81
	android:name
		ADDED from src\main\AndroidManifest.xml:27:22-78
uses-feature#android.hardware.camera
ADDED from src\main\AndroidManifest.xml:29:5-60
	android:name
		ADDED from src\main\AndroidManifest.xml:29:19-57
uses-feature#android.hardware.camera.autofocus
ADDED from src\main\AndroidManifest.xml:30:5-70
	android:name
		ADDED from src\main\AndroidManifest.xml:30:19-67
uses-permission#android.permission.FLASHLIGHT
ADDED from src\main\AndroidManifest.xml:32:5-69
	android:name
		ADDED from src\main\AndroidManifest.xml:32:22-66
uses-permission#android.permission.WAKE_LOCK
ADDED from src\main\AndroidManifest.xml:33:5-68
	android:name
		ADDED from src\main\AndroidManifest.xml:33:22-65
application
ADDED from src\main\AndroidManifest.xml:35:5-671:19
MERGED from [com.android.support:support-compat:28.0.0] AndroidManifest.xml:22:5-94
MERGED from [com.android.support:support-compat:28.0.0] AndroidManifest.xml:22:5-94
MERGED from [com.android.support:versionedparcelable:28.0.0] AndroidManifest.xml:22:5-23:19
MERGED from [com.android.support:versionedparcelable:28.0.0] AndroidManifest.xml:22:5-23:19
	android:appComponentFactory
		ADDED from [com.android.support:support-compat:28.0.0] AndroidManifest.xml:22:18-91
	android:label
		ADDED from src\main\AndroidManifest.xml:37:9-41
	android:persistent
		ADDED from src\main\AndroidManifest.xml:38:9-34
	android:icon
		ADDED from src\main\AndroidManifest.xml:36:9-38
	android:theme
		ADDED from src\main\AndroidManifest.xml:39:9-40
activity#com.zj.activity.load.LoadingActivity
ADDED from src\main\AndroidManifest.xml:40:9-50:20
	android:screenOrientation
		ADDED from src\main\AndroidManifest.xml:44:13-49
	android:label
		ADDED from src\main\AndroidManifest.xml:43:13-45
	android:icon
		ADDED from src\main\AndroidManifest.xml:42:13-42
	android:name
		ADDED from src\main\AndroidManifest.xml:41:13-64
intent-filter#action:name:android.intent.action.MAIN+category:name:android.intent.category.LAUNCHER
ADDED from src\main\AndroidManifest.xml:45:13-49:29
action#android.intent.action.MAIN
ADDED from src\main\AndroidManifest.xml:46:17-69
	android:name
		ADDED from src\main\AndroidManifest.xml:46:25-66
category#android.intent.category.LAUNCHER
ADDED from src\main\AndroidManifest.xml:48:17-77
	android:name
		ADDED from src\main\AndroidManifest.xml:48:27-74
activity#com.zj.activity.util.ImgPz
ADDED from src\main\AndroidManifest.xml:51:9-53:52
	android:screenOrientation
		ADDED from src\main\AndroidManifest.xml:53:13-49
	android:name
		ADDED from src\main\AndroidManifest.xml:52:13-54
activity#com.zj.activity.util.ImgChoose
ADDED from src\main\AndroidManifest.xml:54:9-56:52
	android:screenOrientation
		ADDED from src\main\AndroidManifest.xml:56:13-49
	android:name
		ADDED from src\main\AndroidManifest.xml:55:13-58
activity#com.zj.activity.util.ImagePagerActivity
ADDED from src\main\AndroidManifest.xml:57:9-59:52
	android:screenOrientation
		ADDED from src\main\AndroidManifest.xml:59:13-49
	android:name
		ADDED from src\main\AndroidManifest.xml:58:13-67
activity#com.zj.activity.util.ImgChoosePage
ADDED from src\main\AndroidManifest.xml:60:9-62:52
	android:screenOrientation
		ADDED from src\main\AndroidManifest.xml:62:13-49
	android:name
		ADDED from src\main\AndroidManifest.xml:61:13-62
activity#com.zj.activity.login.LoginActivity
ADDED from src\main\AndroidManifest.xml:63:9-66:52
	android:screenOrientation
		ADDED from src\main\AndroidManifest.xml:66:13-49
	android:launchMode
		ADDED from src\main\AndroidManifest.xml:65:13-44
	android:name
		ADDED from src\main\AndroidManifest.xml:64:13-63
activity#com.zj.activity.esp.MainMenuActivity
ADDED from src\main\AndroidManifest.xml:67:9-70:52
	android:screenOrientation
		ADDED from src\main\AndroidManifest.xml:70:13-49
	android:launchMode
		ADDED from src\main\AndroidManifest.xml:69:13-44
	android:name
		ADDED from src\main\AndroidManifest.xml:68:13-64
activity#com.zj.activity.esp.InformationReceivinglist
ADDED from src\main\AndroidManifest.xml:71:9-74:52
	android:screenOrientation
		ADDED from src\main\AndroidManifest.xml:74:13-49
	android:launchMode
		ADDED from src\main\AndroidManifest.xml:73:13-44
	android:name
		ADDED from src\main\AndroidManifest.xml:72:13-72
activity#com.zj.activity.esp.InformationReceivinglist_Dzqd
ADDED from src\main\AndroidManifest.xml:75:9-78:52
	android:screenOrientation
		ADDED from src\main\AndroidManifest.xml:78:13-49
	android:launchMode
		ADDED from src\main\AndroidManifest.xml:77:13-44
	android:name
		ADDED from src\main\AndroidManifest.xml:76:13-77
activity#com.zj.activity.esp.InformationReceivingActivity
ADDED from src\main\AndroidManifest.xml:79:9-82:52
	android:screenOrientation
		ADDED from src\main\AndroidManifest.xml:82:13-49
	android:launchMode
		ADDED from src\main\AndroidManifest.xml:81:13-44
	android:name
		ADDED from src\main\AndroidManifest.xml:80:13-76
activity#com.zj.activity.esp.InformationReceivingActivity_Dzqd
ADDED from src\main\AndroidManifest.xml:83:9-86:52
	android:screenOrientation
		ADDED from src\main\AndroidManifest.xml:86:13-49
	android:launchMode
		ADDED from src\main\AndroidManifest.xml:85:13-44
	android:name
		ADDED from src\main\AndroidManifest.xml:84:13-81
activity#com.zj.activity.esp.ArrivalConfirmationActivity
ADDED from src\main\AndroidManifest.xml:87:9-90:52
	android:screenOrientation
		ADDED from src\main\AndroidManifest.xml:90:13-49
	android:launchMode
		ADDED from src\main\AndroidManifest.xml:89:13-44
	android:name
		ADDED from src\main\AndroidManifest.xml:88:13-75
activity#com.zj.activity.esp.BaiDuGpsActivity
ADDED from src\main\AndroidManifest.xml:91:9-94:52
	android:screenOrientation
		ADDED from src\main\AndroidManifest.xml:94:13-49
	android:launchMode
		ADDED from src\main\AndroidManifest.xml:93:13-44
	android:name
		ADDED from src\main\AndroidManifest.xml:92:13-64
activity#com.zj.activity.esp.ServiceReportslist
ADDED from src\main\AndroidManifest.xml:95:9-98:52
	android:screenOrientation
		ADDED from src\main\AndroidManifest.xml:98:13-49
	android:launchMode
		ADDED from src\main\AndroidManifest.xml:97:13-44
	android:name
		ADDED from src\main\AndroidManifest.xml:96:13-66
activity#com.zj.activity.esp.ServiceReportsComplete
ADDED from src\main\AndroidManifest.xml:99:9-102:52
	android:screenOrientation
		ADDED from src\main\AndroidManifest.xml:102:13-49
	android:launchMode
		ADDED from src\main\AndroidManifest.xml:101:13-44
	android:name
		ADDED from src\main\AndroidManifest.xml:100:13-70
activity#com.zj.activity.esp.ServiceReportsAppraiseActivity
ADDED from src\main\AndroidManifest.xml:103:9-106:52
	android:screenOrientation
		ADDED from src\main\AndroidManifest.xml:106:13-49
	android:launchMode
		ADDED from src\main\AndroidManifest.xml:105:13-44
	android:name
		ADDED from src\main\AndroidManifest.xml:104:13-78
activity#com.zj.activity.esp.ZZServiceReportslist
ADDED from src\main\AndroidManifest.xml:107:9-110:52
	android:screenOrientation
		ADDED from src\main\AndroidManifest.xml:110:13-49
	android:launchMode
		ADDED from src\main\AndroidManifest.xml:109:13-44
	android:name
		ADDED from src\main\AndroidManifest.xml:108:13-68
activity#com.zj.activity.esp.BusinessAcceptanceSure
ADDED from src\main\AndroidManifest.xml:111:9-114:52
	android:screenOrientation
		ADDED from src\main\AndroidManifest.xml:114:13-49
	android:configChanges
		ADDED from src\main\AndroidManifest.xml:113:13-74
	android:name
		ADDED from src\main\AndroidManifest.xml:112:13-70
activity#com.zj.activity.esp.PGDCaseActivity
ADDED from src\main\AndroidManifest.xml:115:9-118:52
	android:screenOrientation
		ADDED from src\main\AndroidManifest.xml:118:13-49
	android:launchMode
		ADDED from src\main\AndroidManifest.xml:117:13-44
	android:name
		ADDED from src\main\AndroidManifest.xml:116:13-63
activity#com.zj.activity.js.FyqrActivity
ADDED from src\main\AndroidManifest.xml:119:9-122:52
	android:screenOrientation
		ADDED from src\main\AndroidManifest.xml:122:13-49
	android:launchMode
		ADDED from src\main\AndroidManifest.xml:121:13-44
	android:name
		ADDED from src\main\AndroidManifest.xml:120:13-59
activity#com.zj.activity.esp.PGDquerychooseActivity
ADDED from src\main\AndroidManifest.xml:123:9-126:52
	android:screenOrientation
		ADDED from src\main\AndroidManifest.xml:126:13-49
	android:launchMode
		ADDED from src\main\AndroidManifest.xml:125:13-44
	android:name
		ADDED from src\main\AndroidManifest.xml:124:13-70
activity#com.zj.activity.esp.PGDqueryActivity
ADDED from src\main\AndroidManifest.xml:127:9-130:52
	android:screenOrientation
		ADDED from src\main\AndroidManifest.xml:130:13-49
	android:launchMode
		ADDED from src\main\AndroidManifest.xml:129:13-44
	android:name
		ADDED from src\main\AndroidManifest.xml:128:13-64
activity#com.zj.activity.js.FyqrCompleteActivity
ADDED from src\main\AndroidManifest.xml:131:9-134:52
	android:screenOrientation
		ADDED from src\main\AndroidManifest.xml:134:13-49
	android:launchMode
		ADDED from src\main\AndroidManifest.xml:133:13-44
	android:name
		ADDED from src\main\AndroidManifest.xml:132:13-67
activity#com.zj.activity.w.ChangePasswordActivity
ADDED from src\main\AndroidManifest.xml:135:9-138:52
	android:screenOrientation
		ADDED from src\main\AndroidManifest.xml:138:13-49
	android:launchMode
		ADDED from src\main\AndroidManifest.xml:137:13-44
	android:name
		ADDED from src\main\AndroidManifest.xml:136:13-68
activity#com.zj.activity.esp.ChooseXQ
ADDED from src\main\AndroidManifest.xml:139:9-141:52
	android:screenOrientation
		ADDED from src\main\AndroidManifest.xml:141:13-49
	android:name
		ADDED from src\main\AndroidManifest.xml:140:13-56
activity#com.zj.activity.esp.ChooseFBF
ADDED from src\main\AndroidManifest.xml:142:9-144:52
	android:screenOrientation
		ADDED from src\main\AndroidManifest.xml:144:13-49
	android:name
		ADDED from src\main\AndroidManifest.xml:143:13-57
activity#com.zj.activity.esp.ChooseSblx
ADDED from src\main\AndroidManifest.xml:145:9-147:52
	android:screenOrientation
		ADDED from src\main\AndroidManifest.xml:147:13-49
	android:name
		ADDED from src\main\AndroidManifest.xml:146:13-58
activity#com.zj.activity.esp.ChooseSb
ADDED from src\main\AndroidManifest.xml:148:9-150:52
	android:screenOrientation
		ADDED from src\main\AndroidManifest.xml:150:13-49
	android:name
		ADDED from src\main\AndroidManifest.xml:149:13-56
activity#com.zj.activity.esp.ChooseFylx
ADDED from src\main\AndroidManifest.xml:151:9-153:52
	android:screenOrientation
		ADDED from src\main\AndroidManifest.xml:153:13-49
	android:name
		ADDED from src\main\AndroidManifest.xml:152:13-58
activity#com.zj.activity.esp.ChooseKhwd
ADDED from src\main\AndroidManifest.xml:154:9-156:52
	android:screenOrientation
		ADDED from src\main\AndroidManifest.xml:156:13-49
	android:name
		ADDED from src\main\AndroidManifest.xml:155:13-58
activity#com.zj.activity.esp.ChooseSssqx
ADDED from src\main\AndroidManifest.xml:157:9-159:52
	android:screenOrientation
		ADDED from src\main\AndroidManifest.xml:159:13-49
	android:name
		ADDED from src\main\AndroidManifest.xml:158:13-59
activity#com.zj.activity.esp.AddPartsAdd
ADDED from src\main\AndroidManifest.xml:160:9-162:52
	android:screenOrientation
		ADDED from src\main\AndroidManifest.xml:162:13-49
	android:name
		ADDED from src\main\AndroidManifest.xml:161:13-59
activity#com.zj.activity.esp.ChoosePjlx
ADDED from src\main\AndroidManifest.xml:163:9-165:52
	android:screenOrientation
		ADDED from src\main\AndroidManifest.xml:165:13-49
	android:name
		ADDED from src\main\AndroidManifest.xml:164:13-58
activity#com.zj.activity.esp.AddParts
ADDED from src\main\AndroidManifest.xml:166:9-169:52
	android:screenOrientation
		ADDED from src\main\AndroidManifest.xml:169:13-49
	android:configChanges
		ADDED from src\main\AndroidManifest.xml:168:13-63
	android:name
		ADDED from src\main\AndroidManifest.xml:167:13-56
activity#com.zj.activity.js.YingShouKuanList
ADDED from src\main\AndroidManifest.xml:170:9-173:52
	android:screenOrientation
		ADDED from src\main\AndroidManifest.xml:173:13-49
	android:launchMode
		ADDED from src\main\AndroidManifest.xml:172:13-44
	android:name
		ADDED from src\main\AndroidManifest.xml:171:13-63
activity#com.zj.activity.js.LiuShuiZhanglist
ADDED from src\main\AndroidManifest.xml:174:9-177:52
	android:screenOrientation
		ADDED from src\main\AndroidManifest.xml:177:13-49
	android:launchMode
		ADDED from src\main\AndroidManifest.xml:176:13-44
	android:name
		ADDED from src\main\AndroidManifest.xml:175:13-63
activity#com.zj.activity.js.LiuShuiZhangActivity
ADDED from src\main\AndroidManifest.xml:178:9-181:52
	android:screenOrientation
		ADDED from src\main\AndroidManifest.xml:181:13-49
	android:launchMode
		ADDED from src\main\AndroidManifest.xml:180:13-44
	android:name
		ADDED from src\main\AndroidManifest.xml:179:13-67
activity#com.zj.activity.esp.YytReportedActivity
ADDED from src\main\AndroidManifest.xml:182:9-184:52
	android:screenOrientation
		ADDED from src\main\AndroidManifest.xml:184:13-49
	android:name
		ADDED from src\main\AndroidManifest.xml:183:13-67
activity#com.zj.activity.esp.TimeYuyuelist
ADDED from src\main\AndroidManifest.xml:185:9-187:52
	android:screenOrientation
		ADDED from src\main\AndroidManifest.xml:187:13-49
	android:name
		ADDED from src\main\AndroidManifest.xml:186:13-61
activity#com.zj.activity.esp.TimeYuyueActivity
ADDED from src\main\AndroidManifest.xml:188:9-190:52
	android:screenOrientation
		ADDED from src\main\AndroidManifest.xml:190:13-49
	android:name
		ADDED from src\main\AndroidManifest.xml:189:13-65
activity#com.zj.activity.esp.DispatchingInformationReceivingActivity
ADDED from src\main\AndroidManifest.xml:192:9-194:52
	android:screenOrientation
		ADDED from src\main\AndroidManifest.xml:194:13-49
	android:name
		ADDED from src\main\AndroidManifest.xml:193:13-87
activity#com.zj.activity.esp.DispatchingInformationConfirmActivity
ADDED from src\main\AndroidManifest.xml:195:9-197:52
	android:screenOrientation
		ADDED from src\main\AndroidManifest.xml:197:13-49
	android:name
		ADDED from src\main\AndroidManifest.xml:196:13-85
activity#com.zj.activity.esp.ShowGpsActivity
ADDED from src\main\AndroidManifest.xml:199:9-201:52
	android:screenOrientation
		ADDED from src\main\AndroidManifest.xml:201:13-49
	android:name
		ADDED from src\main\AndroidManifest.xml:200:13-63
activity#com.zj.activity.esp.ServiceReportsConfirmActivity
ADDED from src\main\AndroidManifest.xml:203:9-205:52
	android:screenOrientation
		ADDED from src\main\AndroidManifest.xml:205:13-49
	android:name
		ADDED from src\main\AndroidManifest.xml:204:13-77
activity#com.zj.activity.esp.ChooseYYT
ADDED from src\main\AndroidManifest.xml:208:9-210:52
	android:screenOrientation
		ADDED from src\main\AndroidManifest.xml:210:13-49
	android:name
		ADDED from src\main\AndroidManifest.xml:209:13-57
activity#com.zj.activity.esp.ServiceReportsAppraise
ADDED from src\main\AndroidManifest.xml:212:9-214:52
	android:screenOrientation
		ADDED from src\main\AndroidManifest.xml:214:13-49
	android:name
		ADDED from src\main\AndroidManifest.xml:213:13-70
activity#com.zj.activity.esp.SheBeiPDActivity
ADDED from src\main\AndroidManifest.xml:216:9-218:52
	android:screenOrientation
		ADDED from src\main\AndroidManifest.xml:218:13-49
	android:name
		ADDED from src\main\AndroidManifest.xml:217:13-64
activity#com.zj.activity.esp.NotificationOrderActivity
ADDED from src\main\AndroidManifest.xml:219:9-222:52
	android:screenOrientation
		ADDED from src\main\AndroidManifest.xml:222:13-49
	android:configChanges
		ADDED from src\main\AndroidManifest.xml:221:13-63
	android:name
		ADDED from src\main\AndroidManifest.xml:220:13-73
activity#com.zj.activity.esp.NotificationOrderList
ADDED from src\main\AndroidManifest.xml:223:9-226:52
	android:screenOrientation
		ADDED from src\main\AndroidManifest.xml:226:13-49
	android:configChanges
		ADDED from src\main\AndroidManifest.xml:225:13-63
	android:name
		ADDED from src\main\AndroidManifest.xml:224:13-69
activity#com.zj.activity.esp.ChooseAZXQ
ADDED from src\main\AndroidManifest.xml:227:9-230:52
	android:screenOrientation
		ADDED from src\main\AndroidManifest.xml:230:13-49
	android:configChanges
		ADDED from src\main\AndroidManifest.xml:229:13-63
	android:name
		ADDED from src\main\AndroidManifest.xml:228:13-58
activity#com.zj.activity.esp.BusinessQueryList
ADDED from src\main\AndroidManifest.xml:232:9-235:52
	android:screenOrientation
		ADDED from src\main\AndroidManifest.xml:235:13-49
	android:configChanges
		ADDED from src\main\AndroidManifest.xml:234:13-63
	android:name
		ADDED from src\main\AndroidManifest.xml:233:13-65
activity#com.zj.activity.esp.BusinessQueryActivity
ADDED from src\main\AndroidManifest.xml:236:9-239:52
	android:screenOrientation
		ADDED from src\main\AndroidManifest.xml:239:13-49
	android:configChanges
		ADDED from src\main\AndroidManifest.xml:238:13-63
	android:name
		ADDED from src\main\AndroidManifest.xml:237:13-69
activity#com.zj.activity.esp.SingleInActivity
ADDED from src\main\AndroidManifest.xml:240:9-243:52
	android:screenOrientation
		ADDED from src\main\AndroidManifest.xml:243:13-49
	android:configChanges
		ADDED from src\main\AndroidManifest.xml:242:13-63
	android:name
		ADDED from src\main\AndroidManifest.xml:241:13-64
activity#com.zj.activity.register.RegisterActivity
ADDED from src\main\AndroidManifest.xml:244:9-247:52
	android:screenOrientation
		ADDED from src\main\AndroidManifest.xml:247:13-49
	android:configChanges
		ADDED from src\main\AndroidManifest.xml:246:13-63
	android:name
		ADDED from src\main\AndroidManifest.xml:245:13-69
activity#com.zj.activity.register.RegisterConfirmActivity
ADDED from src\main\AndroidManifest.xml:248:9-251:52
	android:screenOrientation
		ADDED from src\main\AndroidManifest.xml:251:13-49
	android:configChanges
		ADDED from src\main\AndroidManifest.xml:250:13-63
	android:name
		ADDED from src\main\AndroidManifest.xml:249:13-76
activity#com.zj.activity.register.RegisterAgreeActivity
ADDED from src\main\AndroidManifest.xml:252:9-255:52
	android:screenOrientation
		ADDED from src\main\AndroidManifest.xml:255:13-49
	android:configChanges
		ADDED from src\main\AndroidManifest.xml:254:13-63
	android:name
		ADDED from src\main\AndroidManifest.xml:253:13-74
activity#com.zj.activity.register.RegisterCompleteActivity
ADDED from src\main\AndroidManifest.xml:256:9-259:52
	android:screenOrientation
		ADDED from src\main\AndroidManifest.xml:259:13-49
	android:configChanges
		ADDED from src\main\AndroidManifest.xml:258:13-63
	android:name
		ADDED from src\main\AndroidManifest.xml:257:13-77
activity#com.zj.activity.esp.RyxxActivity
ADDED from src\main\AndroidManifest.xml:260:9-264:20
	android:screenOrientation
		ADDED from src\main\AndroidManifest.xml:263:13-49
	android:configChanges
		ADDED from src\main\AndroidManifest.xml:262:13-63
	android:name
		ADDED from src\main\AndroidManifest.xml:261:13-60
activity#com.zj.activity.w.QyxxActivity
ADDED from src\main\AndroidManifest.xml:265:9-269:20
	android:screenOrientation
		ADDED from src\main\AndroidManifest.xml:268:13-49
	android:configChanges
		ADDED from src\main\AndroidManifest.xml:267:13-63
	android:name
		ADDED from src\main\AndroidManifest.xml:266:13-58
activity#com.zj.activity.esp.JbxxActivity
ADDED from src\main\AndroidManifest.xml:270:9-274:20
	android:screenOrientation
		ADDED from src\main\AndroidManifest.xml:273:13-49
	android:configChanges
		ADDED from src\main\AndroidManifest.xml:272:13-63
	android:name
		ADDED from src\main\AndroidManifest.xml:271:13-60
activity#com.zj.activity.w.YhkxxActivity
ADDED from src\main\AndroidManifest.xml:275:9-279:20
	android:screenOrientation
		ADDED from src\main\AndroidManifest.xml:278:13-49
	android:configChanges
		ADDED from src\main\AndroidManifest.xml:277:13-63
	android:name
		ADDED from src\main\AndroidManifest.xml:276:13-59
activity#com.zj.activity.w.YHKInfoActivity
ADDED from src\main\AndroidManifest.xml:280:9-285:20
	android:screenOrientation
		ADDED from src\main\AndroidManifest.xml:283:13-49
	android:windowSoftInputMode
		ADDED from src\main\AndroidManifest.xml:284:13-72
	android:configChanges
		ADDED from src\main\AndroidManifest.xml:282:13-63
	android:name
		ADDED from src\main\AndroidManifest.xml:281:13-61
activity#com.zj.activity.w.XxglActivity
ADDED from src\main\AndroidManifest.xml:286:9-290:20
	android:screenOrientation
		ADDED from src\main\AndroidManifest.xml:289:13-49
	android:configChanges
		ADDED from src\main\AndroidManifest.xml:288:13-63
	android:name
		ADDED from src\main\AndroidManifest.xml:287:13-58
activity#com.zj.activity.w.XxglShowActivity
ADDED from src\main\AndroidManifest.xml:291:9-295:20
	android:screenOrientation
		ADDED from src\main\AndroidManifest.xml:294:13-49
	android:configChanges
		ADDED from src\main\AndroidManifest.xml:293:13-63
	android:name
		ADDED from src\main\AndroidManifest.xml:292:13-62
activity#com.zj.activity.esp.InformationReceivingRefuseList
ADDED from src\main\AndroidManifest.xml:296:9-300:20
	android:screenOrientation
		ADDED from src\main\AndroidManifest.xml:299:13-49
	android:configChanges
		ADDED from src\main\AndroidManifest.xml:298:13-63
	android:name
		ADDED from src\main\AndroidManifest.xml:297:13-78
activity#com.zj.activity.esp.InformationReceivingRefuseActivity
ADDED from src\main\AndroidManifest.xml:301:9-305:20
	android:screenOrientation
		ADDED from src\main\AndroidManifest.xml:304:13-49
	android:configChanges
		ADDED from src\main\AndroidManifest.xml:303:13-63
	android:name
		ADDED from src\main\AndroidManifest.xml:302:13-82
activity#com.zj.activity.esp.ChooseActivity
ADDED from src\main\AndroidManifest.xml:307:9-311:20
	android:screenOrientation
		ADDED from src\main\AndroidManifest.xml:310:13-49
	android:configChanges
		ADDED from src\main\AndroidManifest.xml:309:13-63
	android:name
		ADDED from src\main\AndroidManifest.xml:308:13-62
activity#com.zj.activity.kc.KccxActivity
ADDED from src\main\AndroidManifest.xml:312:8-316:20
	android:screenOrientation
		ADDED from src\main\AndroidManifest.xml:315:13-49
	android:configChanges
		ADDED from src\main\AndroidManifest.xml:314:13-63
	android:name
		ADDED from src\main\AndroidManifest.xml:313:13-59
activity#com.zj.activity.kc.ThcxShowActivity
ADDED from src\main\AndroidManifest.xml:317:9-321:20
	android:screenOrientation
		ADDED from src\main\AndroidManifest.xml:320:13-49
	android:configChanges
		ADDED from src\main\AndroidManifest.xml:319:13-63
	android:name
		ADDED from src\main\AndroidManifest.xml:318:13-63
activity#com.zj.activity.kc.KcpdActivity
ADDED from src\main\AndroidManifest.xml:322:9-326:20
	android:screenOrientation
		ADDED from src\main\AndroidManifest.xml:325:13-49
	android:configChanges
		ADDED from src\main\AndroidManifest.xml:324:13-63
	android:name
		ADDED from src\main\AndroidManifest.xml:323:13-59
activity#com.zj.activity.kc.WbdbrkListActivity
ADDED from src\main\AndroidManifest.xml:327:9-331:20
	android:screenOrientation
		ADDED from src\main\AndroidManifest.xml:330:13-49
	android:configChanges
		ADDED from src\main\AndroidManifest.xml:329:13-63
	android:name
		ADDED from src\main\AndroidManifest.xml:328:13-65
activity#com.zj.activity.kc.WbdbrkActivity
ADDED from src\main\AndroidManifest.xml:332:9-336:20
	android:screenOrientation
		ADDED from src\main\AndroidManifest.xml:335:13-49
	android:configChanges
		ADDED from src\main\AndroidManifest.xml:334:13-63
	android:name
		ADDED from src\main\AndroidManifest.xml:333:13-61
activity#com.zj.activity.kc.KcxxActivity
ADDED from src\main\AndroidManifest.xml:337:10-341:20
	android:screenOrientation
		ADDED from src\main\AndroidManifest.xml:340:13-49
	android:configChanges
		ADDED from src\main\AndroidManifest.xml:339:13-63
	android:name
		ADDED from src\main\AndroidManifest.xml:338:13-59
activity#com.zj.activity.kc.KcxxShowActivity
ADDED from src\main\AndroidManifest.xml:342:10-346:20
	android:screenOrientation
		ADDED from src\main\AndroidManifest.xml:345:13-49
	android:configChanges
		ADDED from src\main\AndroidManifest.xml:344:13-63
	android:name
		ADDED from src\main\AndroidManifest.xml:343:13-63
activity#com.zj.activity.kc.SqdcxkListActivity
ADDED from src\main\AndroidManifest.xml:347:9-351:20
	android:screenOrientation